<?xml version="1.0" encoding="UTF-8"?>
<!-- Generated by org.testng.reporters.JUnitXMLReporter -->
<testsuite hostname="DESKTOP-B4CJDIU" ignored="0" name="Test" tests="6" failures="0" timestamp="2020-08-14T20:32:54 PDT" time="31.41" errors="0">
  <testcase name="verifyIsAutomobileVisible" time="0.183" classname="testScripts.HomePage.HomePage"/>
  <testcase name="verifyIsCamperVisible" time="0.026" classname="testScripts.HomePage.HomePage"/>
  <testcase name="verifyIsMotorCycleVisible" time="0.016" classname="testScripts.HomePage.HomePage"/>
  <testcase name="verifyIsTruckVisible" time="0.015" classname="testScripts.HomePage.HomePage"/>
  <testcase name="verifyIsAutobileClickable" time="1.454" classname="testScripts.HomePage.HomePage"/>
  <testcase name="verifyIsTruckClickable" time="0.757" classname="testScripts.HomePage.HomePage"/>
</testsuite> <!-- Test -->
