<?xml version="1.0" encoding="UTF-8"?>
<testng-results skipped="0" failed="0" ignored="0" total="9" passed="9">
  <reporter-output>
  </reporter-output>
  <suite name="Suite" duration-ms="106" started-at="2020-08-12T22:45:48 PDT" finished-at="2020-08-12T22:45:48 PDT">
    <groups>
    </groups>
    <test name="Module 1" duration-ms="65" started-at="2020-08-12T22:45:48 PDT" finished-at="2020-08-12T22:45:48 PDT">
      <class name="basicAnnotations.TestNGFirstClass">
        <test-method status="PASS" signature="beforeClass()[pri:0, instance:basicAnnotations.TestNGFirstClass@1f28c152]" name="beforeClass" is-config="true" duration-ms="1" started-at="2020-08-12T22:45:48 PDT" finished-at="2020-08-12T22:45:48 PDT">
          <reporter-output>
          </reporter-output>
        </test-method> <!-- beforeClass -->
        <test-method status="PASS" signature="beforeMethod()[pri:0, instance:basicAnnotations.TestNGFirstClass@1f28c152]" name="beforeMethod" is-config="true" duration-ms="1" started-at="2020-08-12T22:45:48 PDT" finished-at="2020-08-12T22:45:48 PDT">
          <reporter-output>
          </reporter-output>
        </test-method> <!-- beforeMethod -->
        <test-method status="PASS" signature="test1()[pri:0, instance:basicAnnotations.TestNGFirstClass@1f28c152]" name="test1" duration-ms="2" started-at="2020-08-12T22:45:48 PDT" finished-at="2020-08-12T22:45:48 PDT">
          <reporter-output>
          </reporter-output>
        </test-method> <!-- test1 -->
        <test-method status="PASS" signature="afterMethod()[pri:0, instance:basicAnnotations.TestNGFirstClass@1f28c152]" name="afterMethod" is-config="true" duration-ms="0" started-at="2020-08-12T22:45:48 PDT" finished-at="2020-08-12T22:45:48 PDT">
          <reporter-output>
          </reporter-output>
        </test-method> <!-- afterMethod -->
        <test-method status="PASS" signature="test2()[pri:0, instance:basicAnnotations.TestNGFirstClass@1f28c152]" name="test2" duration-ms="1" started-at="2020-08-12T22:45:48 PDT" finished-at="2020-08-12T22:45:48 PDT">
          <reporter-output>
          </reporter-output>
        </test-method> <!-- test2 -->
        <test-method status="PASS" signature="beforeMethod()[pri:0, instance:basicAnnotations.TestNGFirstClass@1f28c152]" name="beforeMethod" is-config="true" duration-ms="0" started-at="2020-08-12T22:45:48 PDT" finished-at="2020-08-12T22:45:48 PDT">
          <reporter-output>
          </reporter-output>
        </test-method> <!-- beforeMethod -->
        <test-method status="PASS" signature="afterMethod()[pri:0, instance:basicAnnotations.TestNGFirstClass@1f28c152]" name="afterMethod" is-config="true" duration-ms="0" started-at="2020-08-12T22:45:48 PDT" finished-at="2020-08-12T22:45:48 PDT">
          <reporter-output>
          </reporter-output>
        </test-method> <!-- afterMethod -->
        <test-method status="PASS" signature="beforeMethod()[pri:0, instance:basicAnnotations.TestNGFirstClass@1f28c152]" name="beforeMethod" is-config="true" duration-ms="1" started-at="2020-08-12T22:45:48 PDT" finished-at="2020-08-12T22:45:48 PDT">
          <reporter-output>
          </reporter-output>
        </test-method> <!-- beforeMethod -->
        <test-method status="PASS" signature="test3()[pri:0, instance:basicAnnotations.TestNGFirstClass@1f28c152]" name="test3" duration-ms="2" started-at="2020-08-12T22:45:48 PDT" finished-at="2020-08-12T22:45:48 PDT">
          <reporter-output>
          </reporter-output>
        </test-method> <!-- test3 -->
        <test-method status="PASS" signature="afterClass()[pri:0, instance:basicAnnotations.TestNGFirstClass@1f28c152]" name="afterClass" is-config="true" duration-ms="0" started-at="2020-08-12T22:45:48 PDT" finished-at="2020-08-12T22:45:48 PDT">
          <reporter-output>
          </reporter-output>
        </test-method> <!-- afterClass -->
        <test-method status="PASS" signature="afterMethod()[pri:0, instance:basicAnnotations.TestNGFirstClass@1f28c152]" name="afterMethod" is-config="true" duration-ms="0" started-at="2020-08-12T22:45:48 PDT" finished-at="2020-08-12T22:45:48 PDT">
          <reporter-output>
          </reporter-output>
        </test-method> <!-- afterMethod -->
      </class> <!-- basicAnnotations.TestNGFirstClass -->
      <class name="basicAnnotations.TestNGClass2">
        <test-method status="PASS" signature="beforeModule1()[pri:0, instance:basicAnnotations.TestNGClass2@369f73a2]" name="beforeModule1" is-config="true" duration-ms="12" started-at="2020-08-12T22:45:48 PDT" finished-at="2020-08-12T22:45:48 PDT">
          <reporter-output>
          </reporter-output>
        </test-method> <!-- beforeModule1 -->
        <test-method status="PASS" signature="test1()[pri:0, instance:basicAnnotations.TestNGClass2@369f73a2]" name="test1" duration-ms="5" started-at="2020-08-12T22:45:48 PDT" finished-at="2020-08-12T22:45:48 PDT">
          <reporter-output>
          </reporter-output>
        </test-method> <!-- test1 -->
        <test-method status="PASS" signature="test2()[pri:0, instance:basicAnnotations.TestNGClass2@369f73a2]" name="test2" duration-ms="1" started-at="2020-08-12T22:45:48 PDT" finished-at="2020-08-12T22:45:48 PDT">
          <reporter-output>
          </reporter-output>
        </test-method> <!-- test2 -->
        <test-method status="PASS" signature="afterModule1()[pri:0, instance:basicAnnotations.TestNGClass2@369f73a2]" name="afterModule1" is-config="true" duration-ms="0" started-at="2020-08-12T22:45:48 PDT" finished-at="2020-08-12T22:45:48 PDT">
          <reporter-output>
          </reporter-output>
        </test-method> <!-- afterModule1 -->
      </class> <!-- basicAnnotations.TestNGClass2 -->
    </test> <!-- Module 1 -->
    <test name="Module 2" duration-ms="14" started-at="2020-08-12T22:45:48 PDT" finished-at="2020-08-12T22:45:48 PDT">
      <class name="basicAnnotations.TestNGClass3">
        <test-method status="PASS" signature="beforeModule2()[pri:0, instance:basicAnnotations.TestNGClass3@3224f60b]" name="beforeModule2" is-config="true" duration-ms="0" started-at="2020-08-12T22:45:48 PDT" finished-at="2020-08-12T22:45:48 PDT">
          <reporter-output>
          </reporter-output>
        </test-method> <!-- beforeModule2 -->
        <test-method status="PASS" signature="test1()[pri:0, instance:basicAnnotations.TestNGClass3@3224f60b]" name="test1" duration-ms="1" started-at="2020-08-12T22:45:48 PDT" finished-at="2020-08-12T22:45:48 PDT">
          <reporter-output>
          </reporter-output>
        </test-method> <!-- test1 -->
        <test-method status="PASS" signature="test2()[pri:0, instance:basicAnnotations.TestNGClass3@3224f60b]" name="test2" duration-ms="1" started-at="2020-08-12T22:45:48 PDT" finished-at="2020-08-12T22:45:48 PDT">
          <reporter-output>
          </reporter-output>
        </test-method> <!-- test2 -->
        <test-method status="PASS" signature="afterModule1()[pri:0, instance:basicAnnotations.TestNGClass3@3224f60b]" name="afterModule1" is-config="true" duration-ms="1" started-at="2020-08-12T22:45:48 PDT" finished-at="2020-08-12T22:45:48 PDT">
          <reporter-output>
          </reporter-output>
        </test-method> <!-- afterModule1 -->
      </class> <!-- basicAnnotations.TestNGClass3 -->
      <class name="basicAnnotations.TestNGClass4">
        <test-method status="PASS" signature="test1()[pri:0, instance:basicAnnotations.TestNGClass4@63e2203c]" name="test1" duration-ms="1" started-at="2020-08-12T22:45:48 PDT" finished-at="2020-08-12T22:45:48 PDT">
          <reporter-output>
          </reporter-output>
        </test-method> <!-- test1 -->
        <test-method status="PASS" signature="test2()[pri:0, instance:basicAnnotations.TestNGClass4@63e2203c]" name="test2" duration-ms="2" started-at="2020-08-12T22:45:48 PDT" finished-at="2020-08-12T22:45:48 PDT">
          <reporter-output>
          </reporter-output>
        </test-method> <!-- test2 -->
      </class> <!-- basicAnnotations.TestNGClass4 -->
    </test> <!-- Module 2 -->
  </suite> <!-- Suite -->
</testng-results>
