<?xml version="1.0" encoding="UTF-8"?>
<!-- Generated by org.testng.reporters.JUnitXMLReporter -->
<testsuite hostname="DESKTOP-B4CJDIU" ignored="0" name="Default test" tests="3" failures="0" timestamp="2020-08-12T22:11:28 PDT" time="0.057" errors="0">
  <testcase name="test1" time="0.005" classname="basicAnnotations.TestNGFirstClass"/>
  <testcase name="test2" time="0.001" classname="basicAnnotations.TestNGFirstClass"/>
  <testcase name="test3" time="0.001" classname="basicAnnotations.TestNGFirstClass"/>
</testsuite> <!-- Default test -->
