<?xml version="1.0" encoding="UTF-8"?>
<testng-results skipped="0" failed="0" ignored="0" total="2" passed="2">
  <reporter-output>
  </reporter-output>
  <suite name="Default suite" duration-ms="26519" started-at="2020-08-15T05:47:38Z" finished-at="2020-08-15T05:48:04Z">
    <groups>
    </groups>
    <test name="Default test" duration-ms="26519" started-at="2020-08-15T05:47:38Z" finished-at="2020-08-15T05:48:04Z">
      <class name="samplePackage.Testing">
        <test-method status="PASS" signature="test1()[pri:0, instance:samplePackage.Testing@2c34f934]" name="test1" duration-ms="8" started-at="2020-08-14T22:47:38Z" finished-at="2020-08-14T22:47:38Z">
          <reporter-output>
          </reporter-output>
        </test-method> <!-- test1 -->
        <test-method status="PASS" signature="test2()[pri:0, instance:samplePackage.Testing@2c34f934]" name="test2" duration-ms="26476" started-at="2020-08-14T22:47:38Z" finished-at="2020-08-14T22:48:04Z">
          <reporter-output>
          </reporter-output>
        </test-method> <!-- test2 -->
      </class> <!-- samplePackage.Testing -->
    </test> <!-- Default test -->
  </suite> <!-- Default suite -->
</testng-results>
